<?xml version="1.0" encoding="UTF-8"?>
<!-- Generated by org.testng.reporters.JUnitReportReporter -->
<testsuite skipped="0" hostname="Krishna-HP" name="tests.TC001_CreateLead" tests="1" failures="0" timestamp="01 Sep 2018 04:37:18 GMT" time="31.845" errors="0">
  <testcase name="createLead" time="31.845" classname="tests.TC001_CreateLead"/>
</testsuite> <!-- tests.TC001_CreateLead -->
