<?xml version="1.0" encoding="UTF-8"?>
<!-- Generated by org.testng.reporters.JUnitReportReporter -->
<testsuite skipped="0" hostname="Krishna-HP" name="tests.BankBazar" tests="1" failures="0" timestamp="09 Sep 2018 06:16:59 GMT" time="67.783" errors="0">
  <testcase name="BankBazar1" time="67.783" classname="tests.BankBazar"/>
</testsuite> <!-- tests.BankBazar -->
